<?xml version="1.0" encoding="UTF-8"?>
<!-- Generated by org.testng.reporters.JUnitXMLReporter -->
<testsuite ignored="1" hostname="LAPTOP-RFTIUEPL" failures="0" tests="2" name="SubmitOrderTest" time="49.664" errors="0" timestamp="2024-06-16T10:09:25 IST">
  <testcase classname="AparTechnologies.tests.SubmitOrderTest" name="testSubmitOrder" time="17.924"/>
  <testcase classname="AparTechnologies.tests.SubmitOrderTest" name="testSubmitOrder" time="17.549"/>
  <testcase classname="AparTechnologies.tests.SubmitOrderTest" name="OrderHistoryTest" time="0.0">
    <ignored/>
  </testcase> <!-- OrderHistoryTest -->
</testsuite> <!-- SubmitOrderTest -->
