<?xml version="1.0" encoding="UTF-8"?>
<!-- Generated by org.testng.reporters.JUnitXMLReporter -->
<testsuite ignored="0" hostname="LAPTOP-RFTIUEPL" failures="0" tests="3" name="Test" time="50.895" errors="0" timestamp="2024-06-17T02:49:56 IST">
  <testcase classname="AparTechnologies.tests.SubmitOrderTest" name="testSubmitOrder" time="16.019"/>
  <testcase classname="AparTechnologies.tests.SubmitOrderTest" name="testSubmitOrder" time="20.696"/>
  <testcase classname="AparTechnologies.tests.SubmitOrderTest" name="OrderHistoryTest" time="3.865"/>
</testsuite> <!-- Test -->
